Start testing: Oct 23 16:18 CEST
----------------------------------------------------------
1/1 Testing: NeuronNet
1/1 Test: NeuronNet
Command: "/home/bionda/myfiles/Programmation/NeuronNet-1/build/TestNeuron"
Directory: /home/bionda/myfiles/Programmation/NeuronNet-1/build
"NeuronNet" start time: Oct 23 16:18 CEST
Output:
----------------------------------------------------------
[==========] Running 5 tests from 3 test cases.
[----------] Global test environment set-up.
[----------] 1 test from simulationTest
[ RUN      ] simulationTest.parse
[       OK ] simulationTest.parse (0 ms)
[----------] 1 test from simulationTest (0 ms total)

[----------] 2 tests from neuronTest
[ RUN      ] neuronTest.initialize
[       OK ] neuronTest.initialize (0 ms)
[ RUN      ] neuronTest.step
[       OK ] neuronTest.step (0 ms)
[----------] 2 tests from neuronTest (0 ms total)

[----------] 2 tests from networkTest
[ RUN      ] networkTest.initialize
[       OK ] networkTest.initialize (2 ms)
[ RUN      ] networkTest.connect
[       OK ] networkTest.connect (3 ms)
[----------] 2 tests from networkTest (5 ms total)

[----------] Global test environment tear-down
[==========] 5 tests from 3 test cases ran. (5 ms total)
[  PASSED  ] 5 tests.
<end of output>
Test time =   0.02 sec
----------------------------------------------------------
Test Passed.
"NeuronNet" end time: Oct 23 16:18 CEST
"NeuronNet" time elapsed: 00:00:00
----------------------------------------------------------

End testing: Oct 23 16:18 CEST
